TN:
SF:src\controllers\taskController.js
FN:9,(anonymous_0)
FN:27,(anonymous_1)
FN:45,(anonymous_2)
FN:70,(anonymous_3)
FNF:4
FNH:4
FNDA:3,(anonymous_0)
FNDA:2,(anonymous_1)
FNDA:3,(anonymous_2)
FNDA:3,(anonymous_3)
DA:9,2
DA:10,3
DA:11,3
DA:13,3
DA:14,3
DA:16,2
DA:17,2
DA:19,1
DA:20,1
DA:27,2
DA:28,2
DA:29,2
DA:31,2
DA:33,1
DA:34,1
DA:36,1
DA:37,1
DA:45,2
DA:46,3
DA:47,3
DA:48,3
DA:50,3
DA:54,2
DA:55,1
DA:56,1
DA:59,1
DA:60,1
DA:62,1
DA:63,1
DA:70,2
DA:71,3
DA:72,3
DA:74,3
DA:76,2
DA:77,1
DA:78,1
DA:81,1
DA:82,1
DA:84,1
DA:85,1
LF:40
LH:40
BRDA:54,0,0,1
BRDA:54,0,1,1
BRDA:76,1,0,1
BRDA:76,1,1,1
BRF:4
BRH:4
end_of_record
TN:
SF:src\models\task.js
FNF:0
FNH:0
DA:3,3
DA:24,3
LF:2
LH:2
BRF:0
BRH:0
end_of_record
TN:
SF:src\utils\asyncHandler.js
FN:3,(anonymous_0)
FN:4,(anonymous_1)
FN:5,(anonymous_2)
FNF:3
FNH:2
FNDA:8,(anonymous_0)
FNDA:11,(anonymous_1)
FNDA:0,(anonymous_2)
DA:3,2
DA:4,8
DA:5,11
LF:3
LH:3
BRF:0
BRH:0
end_of_record
