TN:
SF:src\index.js
FNF:0
FNH:0
DA:9,2
DA:11,2
DA:12,2
DA:15,2
DA:23,2
DA:24,2
DA:25,2
DA:26,2
DA:27,2
DA:30,2
LF:10
LH:10
BRF:0
BRH:0
end_of_record
TN:
SF:src\controllers\taskController.js
FN:9,(anonymous_0)
FN:27,(anonymous_1)
FN:45,(anonymous_2)
FN:70,(anonymous_3)
FNF:4
FNH:4
FNDA:5,(anonymous_0)
FNDA:3,(anonymous_1)
FNDA:4,(anonymous_2)
FNDA:4,(anonymous_3)
DA:9,4
DA:10,5
DA:11,5
DA:13,5
DA:14,5
DA:16,4
DA:17,4
DA:19,1
DA:20,1
DA:27,4
DA:28,3
DA:29,3
DA:31,3
DA:33,2
DA:34,2
DA:36,1
DA:37,1
DA:45,4
DA:46,4
DA:47,4
DA:48,4
DA:50,4
DA:54,3
DA:55,1
DA:56,1
DA:59,2
DA:60,2
DA:62,1
DA:63,1
DA:70,4
DA:71,4
DA:72,4
DA:74,4
DA:76,3
DA:77,1
DA:78,1
DA:81,2
DA:82,2
DA:84,1
DA:85,1
LF:40
LH:40
BRDA:54,0,0,1
BRDA:54,0,1,2
BRDA:76,1,0,1
BRDA:76,1,1,2
BRF:4
BRH:4
end_of_record
TN:
SF:src\models\task.js
FNF:0
FNH:0
DA:3,5
DA:24,5
LF:2
LH:2
BRF:0
BRH:0
end_of_record
TN:
SF:src\routes\taskRoutes.js
FNF:0
FNH:0
DA:11,2
DA:13,2
DA:14,2
DA:15,2
DA:16,2
LF:5
LH:5
BRF:0
BRH:0
end_of_record
TN:
SF:src\utils\asyncHandler.js
FN:3,(anonymous_0)
FN:4,(anonymous_1)
FN:5,(anonymous_2)
FNF:3
FNH:2
FNDA:16,(anonymous_0)
FNDA:16,(anonymous_1)
FNDA:0,(anonymous_2)
DA:3,4
DA:4,16
DA:5,16
LF:3
LH:3
BRF:0
BRH:0
end_of_record
